1603354990880	geckodriver	INFO	Listening on 127.0.0.1:54575
1603354993841	mozrunner::runner	INFO	Running command: "C:\\Program Files\\Mozilla Firefox\\firefox.exe" "--marionette" "-foreground" "-no-remote" "-profile" "C:\\Users\\dirku\\AppData\\Local\\Temp\\rust_mozprofiledqnZRd"
JavaScript error: resource://gre/modules/XULStore.jsm, line 66: Error: Can't find profile directory.
console.error: SearchCache: "_readCacheFile: Error reading cache file:" (new Error("", "(unknown module)"))
1603355008507	Marionette	INFO	Listening on port 54584
1603355008886	Marionette	WARN	TLS certificate errors will be ignored for this session
1603355010540	Marionette	ERROR	[40] No reply from Marionette:Register
1603355053825	Marionette	INFO	Stopped listening on port 54584

###!!! [Child][RunMessage] Error: Channel closing: too late to send/recv, messages will be lost

JavaScript error: resource://gre/modules/osfile/osfile_async_front.jsm, line 426: Error: OS.File has been shut down. Rejecting post to writeAtomic

###!!! [Child][MessageChannel::SendAndWait] Error: Channel error: cannot send/recv

1603355065073	geckodriver	INFO	Listening on 127.0.0.1:54688
1603355068170	mozrunner::runner	INFO	Running command: "C:\\Program Files\\Mozilla Firefox\\firefox.exe" "--marionette" "-foreground" "-no-remote" "-profile" "C:\\Users\\dirku\\AppData\\Local\\Temp\\rust_mozprofiled6BRjP"
JavaScript error: resource://gre/modules/XULStore.jsm, line 66: Error: Can't find profile directory.
console.error: SearchCache: "_readCacheFile: Error reading cache file:" (new Error("", "(unknown module)"))
1603355078197	Marionette	INFO	Listening on port 54698
1603355078699	Marionette	WARN	TLS certificate errors will be ignored for this session
1603355079752	Marionette	ERROR	[40] No reply from Marionette:Register
1603357915404	Marionette	INFO	Stopped listening on port 54698

###!!! [Child][MessageChannel::SendAndWait] Error: Channel error: cannot send/recv

JavaScript error: resource:///modules/sessionstore/SessionStore.jsm, line 5324: NS_ERROR_UNEXPECTED: Component returned failure code: 0x8000ffff (NS_ERROR_UNEXPECTED) [nsIWindowMediator.getEnumerator]
an't find profile directory.
console.error: SearchCache: "_readCacheFile: Error reading cache file:" (new Error("", "(unknown module)"))
1603356769664	Marionette	INFO	Listening on port 55981
1603356769906	Marionette	WARN	TLS certificate errors will be ignored for this session
1603356771788	Marionette	ERROR	[40] No reply from Marionette:Register
console.error: (new Error("SessionFile is closed", "resource:///modules/sessionstore/SessionFile.jsm", 433))
1603357921884	Marionette	INFO	Stopped listening on port 55981

###!!! [Child][MessageChannel::SendAndWait] Error: Channel error: cannot send/recv

1603357987772	geckodriver	INFO	Listening on 127.0.0.1:56970
1603357990991	mozrunner::runner	INFO	Running command: "C:\\Program Files\\Mozilla Firefox\\firefox.exe" "--marionette" "-foreground" "-no-remote" "-profile" "C:\\Users\\dirku\\AppData\\Local\\Temp\\rust_mozprofilerceMsy"
console.error: SearchCache: "_readCacheFile: Error reading cache file:" (new Error("", "(unknown module)"))
1603358026415	Marionette	INFO	Listening on port 56983
1603358026723	Marionette	WARN	TLS certificate errors will be ignored for this session
JavaScript error: https://s.btstatic.com/tag.js#site=eI7jAuz line 43 > Function, line 3: TypeError: bt_data(...).indexOf is not a function
1603358227049	Marionette	INFO	Stopped listening on port 56983

###!!! [Child][MessageChannel::SendAndWait] Error: Channel error: cannot send/recv

firefox.exe" "--marionette" "-foreground" "-no-remote" "-profile" "C:\\Users\\dirku\\AppData\\Local\\Temp\\rust_mozprofilejs3uDR"
console.error: SearchCache: "_readCacheFile: Error reading cache file:" (new Error("", "(unknown module)"))
JavaScript error: resource://gre/modules/XULStore.jsm, line 66: Error: Can't find profile directory.
1603358169895	Marionette	INFO	Listening on port 57205
1603358169992	Marionette	WARN	TLS certificate errors will be ignored for this session
JavaScript error: https://s.btstatic.com/tag.js#site=eI7jAuz line 43 > Function, line 3: TypeError: bt_data(...).indexOf is not a function
JavaScript error: https://s.btstatic.com/tag.js#site=eI7jAuz line 43 > Function, line 3: TypeError: bt_data(...).indexOf is not a function
JavaScript error: https://s.btstatic.com/tag.js#site=eI7jAuz line 43 > Function, line 3: TypeError: bt_data(...).indexOf is not a function
1603358459756	Marionette	INFO	Stopped listening on port 57205

###!!! [Child][MessageChannel::SendAndWait] Error: Channel error: cannot send/recv

firefox.exe" "--marionette" "-foreground" "-no-remote" "-profile" "C:\\Users\\dirku\\AppData\\Local\\Temp\\rust_mozprofile2SsDeZ"
JavaScript error: resource://gre/modules/XULStore.jsm, line 66: Error: Can't find profile directory.
console.error: SearchCache: "_readCacheFile: Error reading cache file:" (new Error("", "(unknown module)"))
1603358469819	Marionette	INFO	Listening on port 57568
1603358470289	Marionette	WARN	TLS certificate errors will be ignored for this session
JavaScript error: https://s.btstatic.com/tag.js#site=eI7jAuz line 43 > Function, line 3: TypeError: bt_data(...).indexOf is not a function
JavaScript warning: https://groceries.asda.com/px/PX1UGLZTko/init.js, line 3: Script terminated by timeout at:
Ii@https://groceries.asda.com/px/PX1UGLZTko/init.js:3:22790
Ni@https://groceries.asda.com/px/PX1UGLZTko/init.js:3:22831
_i@https://groceries.asda.com/px/PX1UGLZTko/init.js:3:23340

JavaScript error: resource:///modules/FaviconLoader.jsm, line 582: InvalidStateError: An attempt was made to use an object that is not, or is no longer, usable
Can't find symbol 'eglSwapBuffersWithDamageEXT'.
1603390010849	geckodriver	INFO	Listening on 127.0.0.1:63426
1603390013129	mozrunner::runner	INFO	Running command: "C:\\Program Files\\Mozilla Firefox\\firefox.exe" "--marionette" "-foreground" "-no-remote" "-profile" "C:\\Users\\dirku\\AppData\\Local\\Temp\\rust_mozprofilevjWJHd"
1603390056155	geckodriver	INFO	Listening on 127.0.0.1:63487
1603390059316	mozrunner::runner	INFO	Running command: "C:\\Program Files\\Mozilla Firefox\\firefox.exe" "--marionette" "-foreground" "-no-remote" "-profile" "C:\\Users\\dirku\\AppData\\Local\\Temp\\rust_mozprofile6okc9c"
JavaScript error: resource://gre/modules/XULStore.jsm, line 66: Error: Can't find profile directory.
console.warn: SearchSettings: "get: No settings file exists, new profile?" (new Error("", "(unknown module)"))
1603390070644	Marionette	INFO	Listening on port 63513
1603390071022	Marionette	WARN	TLS certificate errors will be ignored for this session
JavaScript error: resource://gre/modules/XULStore.jsm, line 66: Error: Can't find profile directory.
JavaScript error: resource://gre/modules/XULStore.jsm, line 66: Error: Can't find profile directory.
JavaScript error: resource://gre/modules/XULStore.jsm, line 66: Error: Can't find profile directory.
JavaScript error: resource://gre/modules/XULStore.jsm, line 66: Error: Can't find profile directory.
JavaScript error: resource://gre/modules/XULStore.jsm, line 66: Error: Can't find profile directory.
JavaScript error: resource://gre/modules/XULStore.jsm, line 66: Error: Can't find profile directory.
JavaScript error: resource://gre/modules/XULStore.jsm, line 66: Error: Can't find profile directory.
JavaScript error: https://ajax.googleapis.com/ajax/libs/jquery/1.11.1/jquery.min.js, line 3: TypeError: a.ownerDocument.defaultView is null

###!!! [Child][RunMessage] Error: Channel closing: too late to send/recv, messages will be lost


###!!! [Child][RunMessage] Error: Channel closing: too late to send/recv, messages will be lost


###!!! [Child][RunMessage] Error: Channel closing: too late to send/recv, messages will be lost


###!!! [Child][RunMessage] Error: Channel closing: too late to send/recv, messages will be lost


###!!! [Child][RunMessage] Error: Channel closing: too late to send/recv, messages will be lost


###!!! [Child][RunMessage] Error: Channel closing: too late to send/recv, messages will be lost


###!!! [Child][MessageChannel] Error: (msgtype=0x59000A,name=PHttpChannel::Msg_DeletingChannel) Channel closing: too late to send/recv, messages will be lost


###!!! [Child][MessageChannel] Error: (msgtype=0x59000A,name=PHttpChannel::Msg_DeletingChannel) Channel closing: too late to send/recv, messages will be lost


###!!! [Child][MessageChannel] Error: (msgtype=0x380144,name=PContent::Msg_ScriptError) Channel closing: too late to send/recv, messages will be lost


###!!! [Child][MessageChannel] Error: (msgtype=0x380144,name=PContent::Msg_ScriptError) Channel closing: too late to send/recv, messages will be lost


###!!! [Child][RunMessage] Error: Channel closing: too late to send/recv, messages will be lost


###!!! [Child][MessageChannel] Error: (msgtype=0x690016,name=PNecko::Msg_PredLearn) Channel closing: too late to send/recv, messages will be lost


###!!! [Child][MessageChannel] Error: (msgtype=0x380144,name=PContent::Msg_ScriptError) Channel closing: too late to send/recv, messages will be lost


###!!! [Child][MessageChannel] Error: (msgtype=0x380144,name=PContent::Msg_ScriptError) Channel closing: too late to send/recv, messages will be lost


###!!! [Child][RunMessage] Error: Channel closing: too late to send/recv, messages will be lost

1603390098834	Marionette	INFO	Stopped listening on port 63513

###!!! [Child][MessageChannel::SendAndWait] Error: Channel error: cannot send/recv

1603390108847	geckodriver	INFO	Listening on 127.0.0.1:63646
1603390111950	mozrunner::runner	INFO	Running command: "C:\\Program Files\\Mozilla Firefox\\firefox.exe" "--marionette" "-foreground" "-no-remote" "-profile" "C:\\Users\\dirku\\AppData\\Local\\Temp\\rust_mozprofileP9O8oI"
JavaScript error: resource://gre/modules/XULStore.jsm, line 66: Error: Can't find profile directory.
console.warn: SearchSettings: "get: No settings file exists, new profile?" (new Error("", "(unknown module)"))
console.error: Region.jsm: "Error fetching region" (new AbortError("The operation was aborted. ", (void 0), 697))
console.error: Region.jsm: "Failed to fetch region" (new Error("NO_RESULT", "resource://gre/modules/Region.jsm", 351))
1603390130344	Marionette	INFO	Listening on port 63656
1603390130781	Marionette	WARN	TLS certificate errors will be ignored for this session
Can't find symbol 'eglSwapBuffersWithDamageEXT'.
[Child 2284, Chrome_ChildThread] WARNING: pipe error: 232: file /builds/worker/checkouts/gecko/ipc/chromium/src/chrome/common/ipc_channel_win.cc, line 545
1603390563766	Marionette	INFO	Stopped listening on port 63656

###!!! [Child][MessageChannel::SendAndWait] Error: Channel error: cannot send/recv

1603443528933	geckodriver	INFO	Listening on 127.0.0.1:55253
1603443532225	mozrunner::runner	INFO	Running command: "C:\\Program Files\\Mozilla Firefox\\firefox.exe" "--marionette" "-foreground" "-no-remote" "-profile" "C:\\Users\\dirku\\AppData\\Local\\Temp\\rust_mozprofilew6MFJB"
JavaScript error: resource://gre/modules/XULStore.jsm, line 66: Error: Can't find profile directory.
console.warn: SearchSettings: "get: No settings file exists, new profile?" (new Error("", "(unknown module)"))
1603443552585	Marionette	INFO	Listening on port 55266
1603443553161	Marionette	WARN	TLS certificate errors will be ignored for this session
1603443679063	Marionette	INFO	Stopped listening on port 55266

###!!! [Child][MessageChannel::SendAndWait] Error: Channel error: cannot send/recv

1603445352145	geckodriver	INFO	Listening on 127.0.0.1:56976
1603445355357	mozrunner::runner	INFO	Running command: "C:\\Program Files\\Mozilla Firefox\\firefox.exe" "--marionette" "-foreground" "-no-remote" "-profile" "C:\\Users\\dirku\\AppData\\Local\\Temp\\rust_mozprofileHU8O5T"
JavaScript error: resource://gre/modules/XULStore.jsm, line 66: Error: Can't find profile directory.
console.warn: SearchSettings: "get: No settings file exists, new profile?" (new Error("", "(unknown module)"))
console.warn: services.settings: main/cfr sync interrupted by shutdown
1603445365196	Marionette	INFO	Listening on port 56985
1603445366299	Marionette	INFO	Stopped listening on port 56985

###!!! [Child][RunMessage] Error: Channel closing: too late to send/recv, messages will be lost


###!!! [Child][MessageChannel::SendAndWait] Error: Channel error: cannot send/recv

1603445792421	geckodriver	INFO	Listening on 127.0.0.1:57564
1603445795462	mozrunner::runner	INFO	Running command: "C:\\Program Files\\Mozilla Firefox\\firefox.exe" "--marionette" "-foreground" "-no-remote" "-profile" "C:\\Users\\dirku\\AppData\\Local\\Temp\\rust_mozprofileQkmzUa"
console.warn: SearchSettings: "get: No settings file exists, new profile?" (new Error("", "(unknown module)"))
JavaScript error: resource://gre/modules/XULStore.jsm, line 66: Error: Can't find profile directory.
1603445807521	Marionette	INFO	Listening on port 57574
1603445807885	Marionette	WARN	TLS certificate errors will be ignored for this session
1603445835806	Marionette	ERROR	[40] No reply from Marionette:Register
JavaScript error: resource://gre/modules/XULStore.jsm, line 66: Error: Can't find profile directory.
JavaScript error: resource://gre/modules/XULStore.jsm, line 66: Error: Can't find profile directory.
JavaScript error: resource://gre/modules/XULStore.jsm, line 66: Error: Can't find profile directory.
JavaScript error: resource://gre/modules/XULStore.jsm, line 66: Error: Can't find profile directory.
JavaScript error: resource://gre/modules/XULStore.jsm, line 66: Error: Can't find profile directory.
JavaScript error: resource://gre/modules/XULStore.jsm, line 66: Error: Can't find profile directory.
JavaScript error: resource://gre/modules/XULStore.jsm, line 66: Error: Can't find profile directory.
1603446127259	Marionette	INFO	Stopped listening on port 57574

###!!! [Child][RunMessage] Error: Channel closing: too late to send/recv, messages will be lost


###!!! [Child][MessageChannel::SendAndWait] Error: Channel error: cannot send/recv

